KioskModeDemo/build/outputs/logs/manifest-merger-debug-report.txt
-- Merging decision tree log ---
manifest
ADDED from android_for_work/KioskModeDemo/AndroidManifest.xml:7:1-42:12
	package
		ADDED from android_for_work/KioskModeDemo/AndroidManifest.xml:8:5-37
	android:versionName
		ADDED from android_for_work/KioskModeDemo/AndroidManifest.xml:10:5-30
		INJECTED from android_for_work/KioskModeDemo/AndroidManifest.xml
		INJECTED from android_for_work/KioskModeDemo/AndroidManifest.xml
	android:versionCode
		ADDED from android_for_work/KioskModeDemo/AndroidManifest.xml:9:5-28
		INJECTED from android_for_work/KioskModeDemo/AndroidManifest.xml
		INJECTED from android_for_work/KioskModeDemo/AndroidManifest.xml
	xmlns:android
		ADDED from android_for_work/KioskModeDemo/AndroidManifest.xml:7:11-69
uses-sdk
ADDED from android_for_work/KioskModeDemo/AndroidManifest.xml:12:5-14:41
	android:targetSdkVersion
		ADDED from android_for_work/KioskModeDemo/AndroidManifest.xml:14:9-38
	android:minSdkVersion
		ADDED from android_for_work/KioskModeDemo/AndroidManifest.xml:13:9-35
application
ADDED from android_for_work/KioskModeDemo/AndroidManifest.xml:16:5-40:19
	android:label
		ADDED from android_for_work/KioskModeDemo/AndroidManifest.xml:16:18-50
activity#sdg.example.kiosk_mode.KioskModeDemo
ADDED from android_for_work/KioskModeDemo/AndroidManifest.xml:17:9-26:20
	android:label
		ADDED from android_for_work/KioskModeDemo/AndroidManifest.xml:19:13-45
	android:name
		ADDED from android_for_work/KioskModeDemo/AndroidManifest.xml:18:13-64
intent-filter#android.intent.action.MAIN+android.intent.category.DEFAULT+android.intent.category.HOME+android.intent.category.LAUNCHER
ADDED from android_for_work/KioskModeDemo/AndroidManifest.xml:20:13-25:29
action#android.intent.action.MAIN
ADDED from android_for_work/KioskModeDemo/AndroidManifest.xml:21:17-69
	android:name
		ADDED from android_for_work/KioskModeDemo/AndroidManifest.xml:21:25-66
category#android.intent.category.HOME
ADDED from android_for_work/KioskModeDemo/AndroidManifest.xml:22:17-73
	android:name
		ADDED from android_for_work/KioskModeDemo/AndroidManifest.xml:22:27-70
category#android.intent.category.LAUNCHER
ADDED from android_for_work/KioskModeDemo/AndroidManifest.xml:23:17-77
	android:name
		ADDED from android_for_work/KioskModeDemo/AndroidManifest.xml:23:27-74
category#android.intent.category.DEFAULT
ADDED from android_for_work/KioskModeDemo/AndroidManifest.xml:24:17-76
	android:name
		ADDED from android_for_work/KioskModeDemo/AndroidManifest.xml:24:27-73
receiver#sdg.example.kiosk_mode.AdminReceiver
ADDED from android_for_work/KioskModeDemo/AndroidManifest.xml:28:9-39:20
	android:label
		ADDED from android_for_work/KioskModeDemo/AndroidManifest.xml:30:13-49
	android:permission
		ADDED from android_for_work/KioskModeDemo/AndroidManifest.xml:31:13-70
	android:name
		ADDED from android_for_work/KioskModeDemo/AndroidManifest.xml:29:13-64
meta-data#android.app.device_admin
ADDED from android_for_work/KioskModeDemo/AndroidManifest.xml:32:13-34:56
	android:resource
		ADDED from android_for_work/KioskModeDemo/AndroidManifest.xml:34:17-53
	android:name
		ADDED from android_for_work/KioskModeDemo/AndroidManifest.xml:33:17-56
intent-filter#android.app.action.DEVICE_ADMIN_ENABLED
ADDED from android_for_work/KioskModeDemo/AndroidManifest.xml:36:13-38:29
action#android.app.action.DEVICE_ADMIN_ENABLED
ADDED from android_for_work/KioskModeDemo/AndroidManifest.xml:37:17-82
	android:name
		ADDED from android_for_work/KioskModeDemo/AndroidManifest.xml:37:25-79